<?xml version="1.0" encoding="UTF-8"?>
<testsuite name="com.example.demo.DemoApplicationTests" tests="1" skipped="0" failures="0" errors="0" timestamp="2018-02-28T09:26:05" hostname="liulundeMacBook-Pro.local" time="0.034">
  <properties/>
  <testcase name="contextLoads" classname="com.example.demo.DemoApplicationTests" time="0.034"/>
  <system-out><![CDATA[17:26:02.217 [Test worker] DEBUG org.springframework.test.context.junit4.SpringJUnit4ClassRunner - SpringJUnit4ClassRunner constructor called with [class com.example.demo.DemoApplicationTests]
17:26:02.223 [Test worker] DEBUG org.springframework.test.context.BootstrapUtils - Instantiating CacheAwareContextLoaderDelegate from class [org.springframework.test.context.cache.DefaultCacheAwareContextLoaderDelegate]
17:26:02.230 [Test worker] DEBUG org.springframework.test.context.BootstrapUtils - Instantiating BootstrapContext using constructor [public org.springframework.test.context.support.DefaultBootstrapContext(java.lang.Class,org.springframework.test.context.CacheAwareContextLoaderDelegate)]
17:26:02.244 [Test worker] DEBUG org.springframework.test.context.BootstrapUtils - Instantiating TestContextBootstrapper for test class [com.example.demo.DemoApplicationTests] from class [org.springframework.boot.test.context.SpringBootTestContextBootstrapper]
17:26:02.256 [Test worker] INFO org.springframework.boot.test.context.SpringBootTestContextBootstrapper - Neither @ContextConfiguration nor @ContextHierarchy found for test class [com.example.demo.DemoApplicationTests], using SpringBootContextLoader
17:26:02.260 [Test worker] DEBUG org.springframework.test.context.support.AbstractContextLoader - Did not detect default resource location for test class [com.example.demo.DemoApplicationTests]: class path resource [com/example/demo/DemoApplicationTests-context.xml] does not exist
17:26:02.260 [Test worker] DEBUG org.springframework.test.context.support.AbstractContextLoader - Did not detect default resource location for test class [com.example.demo.DemoApplicationTests]: class path resource [com/example/demo/DemoApplicationTestsContext.groovy] does not exist
17:26:02.260 [Test worker] INFO org.springframework.test.context.support.AbstractContextLoader - Could not detect default resource locations for test class [com.example.demo.DemoApplicationTests]: no resource found for suffixes {-context.xml, Context.groovy}.
17:26:02.261 [Test worker] INFO org.springframework.test.context.support.AnnotationConfigContextLoaderUtils - Could not detect default configuration classes for test class [com.example.demo.DemoApplicationTests]: DemoApplicationTests does not declare any static, non-private, non-final, nested classes annotated with @Configuration.
17:26:02.295 [Test worker] DEBUG org.springframework.test.context.support.ActiveProfilesUtils - Could not find an 'annotation declaring class' for annotation type [org.springframework.test.context.ActiveProfiles] and class [com.example.demo.DemoApplicationTests]
17:26:02.303 [Test worker] DEBUG org.springframework.core.env.StandardEnvironment - Adding PropertySource 'systemProperties' with lowest search precedence
17:26:02.304 [Test worker] DEBUG org.springframework.core.env.StandardEnvironment - Adding PropertySource 'systemEnvironment' with lowest search precedence
17:26:02.304 [Test worker] DEBUG org.springframework.core.env.StandardEnvironment - Initialized StandardEnvironment with PropertySources [MapPropertySource@1356601945 {name='systemProperties', properties={java.runtime.name=Java(TM) SE Runtime Environment, sun.boot.library.path=/Library/Java/JavaVirtualMachines/jdk1.8.0_151.jdk/Contents/Home/jre/lib, java.vm.version=25.151-b12, gopherProxySet=false, java.vm.vendor=Oracle Corporation, java.vendor.url=http://java.oracle.com/, path.separator=:, java.vm.name=Java HotSpot(TM) 64-Bit Server VM, file.encoding.pkg=sun.io, sun.java.launcher=SUN_STANDARD, user.country=CN, sun.os.patch.level=unknown, java.vm.specification.name=Java Virtual Machine Specification, user.dir=/Users/liulun/Desktop/PatientDemo, java.runtime.version=1.8.0_151-b12, java.awt.graphicsenv=sun.awt.CGraphicsEnvironment, java.endorsed.dirs=/Library/Java/JavaVirtualMachines/jdk1.8.0_151.jdk/Contents/Home/jre/lib/endorsed, os.arch=x86_64, java.io.tmpdir=/var/folders/s9/581dnz_n4q92wq68tf9xmp2r0000gn/T/, line.separator=
, java.vm.specification.vendor=Oracle Corporation, user.variant=, os.name=Mac OS X, sun.jnu.encoding=UTF-8, java.library.path=/Users/liulun/Library/Java/Extensions:/Library/Java/Extensions:/Network/Library/Java/Extensions:/System/Library/Java/Extensions:/usr/lib/java:., java.specification.name=Java Platform API Specification, java.class.version=52.0, org.gradle.native=false, sun.management.compiler=HotSpot 64-Bit Tiered Compilers, os.version=10.12.6, http.nonProxyHosts=local|*.local|169.254/16|*.169.254/16, user.home=/Users/liulun, user.timezone=Asia/Shanghai, java.awt.printerjob=sun.lwawt.macosx.CPrinterJob, file.encoding=UTF-8, java.specification.version=1.8, java.class.path=/Users/liulun/Desktop/PatientDemo/build/classes/java/test:/Users/liulun/Desktop/PatientDemo/build/resources/test:/Users/liulun/Desktop/PatientDemo/build/classes/java/main:/Users/liulun/Desktop/PatientDemo/build/resources/main:/Users/liulun/.gradle/caches/modules-2/files-2.1/org.springframework.boot/spring-boot-starter-data-mongodb/1.5.10.RELEASE/bf4a46badadfcdf81559d0cb8c09adf39d83bcd2/spring-boot-starter-data-mongodb-1.5.10.RELEASE.jar:/Users/liulun/.gradle/caches/modules-2/files-2.1/org.springframework.boot/spring-boot-starter-web/1.5.10.RELEASE/8bc445f3ee81e5322e46b28cbb33bca1800b69d9/spring-boot-starter-web-1.5.10.RELEASE.jar:/Users/liulun/.gradle/caches/modules-2/files-2.1/commons-beanutils/commons-beanutils/1.9.3/c845703de334ddc6b4b3cd26835458cb1cba1f3d/commons-beanutils-1.9.3.jar:/Users/liulun/.gradle/caches/modules-2/files-2.1/org.projectlombok/lombok/1.16.20/ac76d9b956045631d1561a09289cbf472e077c01/lombok-1.16.20.jar:/Users/liulun/.gradle/caches/modules-2/files-2.1/io.springfox/springfox-swagger2/2.7.0/dd28b7ce26af1209d6ef19f5f24a8c23b41ca6fc/springfox-swagger2-2.7.0.jar:/Users/liulun/.gradle/caches/modules-2/files-2.1/io.springfox/springfox-swagger-ui/2.7.0/92608eb6c2056810b4e3189196b4e8cce645d6de/springfox-swagger-ui-2.7.0.jar:/Users/liulun/.gradle/caches/modules-2/files-2.1/org.modelmapper/modelmapper/0.7.5/5bef63ad6fa1008d56d27557e4a7f223fb639678/modelmapper-0.7.5.jar:/Users/liulun/.gradle/caches/modules-2/files-2.1/org.apache.poi/poi-ooxml/3.17/7d8c44407178b73246462842bf1e206e99c8e0a/poi-ooxml-3.17.jar:/Users/liulun/.gradle/caches/modules-2/files-2.1/org.apache.poi/poi/3.17/ae92292a2043888b40d418da97dc0b669fde326/poi-3.17.jar:/Users/liulun/.gradle/caches/modules-2/files-2.1/com.squareup.okhttp3/okhttp/3.9.1/84b4b7d1c4a238e7899972b7446c250691e65f1f/okhttp-3.9.1.jar:/Users/liulun/.gradle/caches/modules-2/files-2.1/org.apache.commons/commons-lang3/3.7/557edd918fd41f9260963583ebf5a61a43a6b423/commons-lang3-3.7.jar:/Users/liulun/.gradle/caches/modules-2/files-2.1/com.alibaba/fastjson/1.2.41/19103e9ce292f711c462a97644d7a883cd20aa40/fastjson-1.2.41.jar:/Users/liulun/.gradle/caches/modules-2/files-2.1/commons-codec/commons-codec/1.11/3acb4705652e16236558f0f4f2192cc33c3bd189/commons-codec-1.11.jar:/Users/liulun/.gradle/caches/modules-2/files-2.1/org.springframework.boot/spring-boot-starter-mail/1.5.10.RELEASE/965dfd50458b9820097096267a61e751b5d8a966/spring-boot-starter-mail-1.5.10.RELEASE.jar:/Users/liulun/.gradle/caches/modules-2/files-2.1/org.springframework.boot/spring-boot-starter-test/1.5.9.RELEASE/b5adf6fbf53be00b7ae52f657d564122edbe5156/spring-boot-starter-test-1.5.9.RELEASE.jar:/Users/liulun/.gradle/caches/modules-2/files-2.1/org.springframework.boot/spring-boot-starter/1.5.10.RELEASE/d935ac98f84c1d97d7ccd702d21abdc236fa7aa0/spring-boot-starter-1.5.10.RELEASE.jar:/Users/liulun/.gradle/caches/modules-2/files-2.1/org.mongodb/mongodb-driver/3.4.3/a1c708919fdca8da4a527cb4ea9df30f8db9993b/mongodb-driver-3.4.3.jar:/Users/liulun/.gradle/caches/modules-2/files-2.1/org.springframework.data/spring-data-mongodb/1.10.10.RELEASE/b452b00c8a83039b94edb33ecc278200ba940b74/spring-data-mongodb-1.10.10.RELEASE.jar:/Users/liulun/.gradle/caches/modules-2/files-2.1/org.springframework.boot/spring-boot-starter-tomcat/1.5.10.RELEASE/11e474e265f1c68fc435dddbac42ab3574b5e4b6/spring-boot-starter-tomcat-1.5.10.RELEASE.jar:/Users/liulun/.gradle/caches/modules-2/files-2.1/org.hibernate/hibernate-validator/5.3.6.Final/4c730be8bf55a8e9a61e79a2f2c079abf48b718/hibernate-validator-5.3.6.Final.jar:/Users/liulun/.gradle/caches/modules-2/files-2.1/com.fasterxml.jackson.core/jackson-databind/2.8.10/f7b83cb2bc4b88d53961e749e1ad32f49ef017b7/jackson-databind-2.8.10.jar:/Users/liulun/.gradle/caches/modules-2/files-2.1/org.springframework/spring-webmvc/4.3.14.RELEASE/1571eab8a807005d424ca16fedd54b1f439787b2/spring-webmvc-4.3.14.RELEASE.jar:/Users/liulun/.gradle/caches/modules-2/files-2.1/org.springframework/spring-web/4.3.14.RELEASE/a0c3bf3ad661db185675bd5af350f35ed11f0903/spring-web-4.3.14.RELEASE.jar:/Users/liulun/.gradle/caches/modules-2/files-2.1/commons-collections/commons-collections/3.2.2/8ad72fe39fa8c91eaaf12aadb21e0c3661fe26d5/commons-collections-3.2.2.jar:/Users/liulun/.gradle/caches/modules-2/files-2.1/io.springfox/springfox-swagger-common/2.7.0/5a632aecc733753887f90592382fa271e546062a/springfox-swagger-common-2.7.0.jar:/Users/liulun/.gradle/caches/modules-2/files-2.1/io.swagger/swagger-models/1.5.13/571a0046f35f9dac569a1870465248595e33ccdb/swagger-models-1.5.13.jar:/Users/liulun/.gradle/caches/modules-2/files-2.1/io.swagger/swagger-annotations/1.5.13/72433c890a61a876d22063e269be421c810a1a8d/swagger-annotations-1.5.13.jar:/Users/liulun/.gradle/caches/modules-2/files-2.1/io.springfox/springfox-schema/2.7.0/aab297a6781e829b9d6bac514a4dc860966c3c8d/springfox-schema-2.7.0.jar:/Users/liulun/.gradle/caches/modules-2/files-2.1/io.springfox/springfox-spring-web/2.7.0/a54be5572b6b5210f6892e13d6b136dde5e96bf6/springfox-spring-web-2.7.0.jar:/Users/liulun/.gradle/caches/modules-2/files-2.1/io.springfox/springfox-spi/2.7.0/dab14edcb863dd506278dc950908b4f684e93b7/springfox-spi-2.7.0.jar:/Users/liulun/.gradle/caches/modules-2/files-2.1/io.springfox/springfox-core/2.7.0/f3e6d1cf5170b4b56ee0a00c1b3b05221f2ecb96/springfox-core-2.7.0.jar:/Users/liulun/.gradle/caches/modules-2/files-2.1/org.reflections/reflections/0.9.11/4c686033d918ec1727e329b7222fcb020152e32b/reflections-0.9.11.jar:/Users/liulun/.gradle/caches/modules-2/files-2.1/com.google.guava/guava/20.0/89507701249388e1ed5ddcf8c41f4ce1be7831ef/guava-20.0.jar:/Users/liulun/.gradle/caches/modules-2/files-2.1/com.fasterxml/classmate/1.3.4/3d5f48f10bbe4eb7bd862f10c0583be2e0053c6/classmate-1.3.4.jar:/Users/liulun/.gradle/caches/modules-2/files-2.1/org.springframework.plugin/spring-plugin-metadata/1.2.0.RELEASE/97223fc496b6cab31602eedbd4202aa4fff0d44f/spring-plugin-metadata-1.2.0.RELEASE.jar:/Users/liulun/.gradle/caches/modules-2/files-2.1/org.springframework.plugin/spring-plugin-core/1.2.0.RELEASE/f380e7760032e7d929184f8ad8a33716b75c0657/spring-plugin-core-1.2.0.RELEASE.jar:/Users/liulun/.gradle/caches/modules-2/files-2.1/com.jayway.jsonpath/json-path/2.2.0/22290d17944bd239fabf5ac69005a60a7ecbbbcb/json-path-2.2.0.jar:/Users/liulun/.gradle/caches/modules-2/files-2.1/org.springframework.data/spring-data-commons/1.13.10.RELEASE/b732245a0902b561b0c33e54cd0f382e9ac444ed/spring-data-commons-1.13.10.RELEASE.jar:/Users/liulun/.gradle/caches/modules-2/files-2.1/org.springframework.boot/spring-boot-starter-logging/1.5.10.RELEASE/62c73688208b3173645d6701fc3eb95ca657e6c8/spring-boot-starter-logging-1.5.10.RELEASE.jar:/Users/liulun/.gradle/caches/modules-2/files-2.1/org.slf4j/jcl-over-slf4j/1.7.25/f8c32b13ff142a513eeb5b6330b1588dcb2c0461/jcl-over-slf4j-1.7.25.jar:/Users/liulun/.gradle/caches/modules-2/files-2.1/ch.qos.logback/logback-classic/1.1.11/ccedfbacef4a6515d2983e3f89ed753d5d4fb665/logback-classic-1.1.11.jar:/Users/liulun/.gradle/caches/modules-2/files-2.1/org.slf4j/jul-to-slf4j/1.7.25/af5364cd6679bfffb114f0dec8a157aaa283b76/jul-to-slf4j-1.7.25.jar:/Users/liulun/.gradle/caches/modules-2/files-2.1/org.slf4j/slf4j-api/1.7.25/da76ca59f6a57ee3102f8f9bd9cee742973efa8a/slf4j-api-1.7.25.jar:/Users/liulun/.gradle/caches/modules-2/files-2.1/org.mapstruct/mapstruct/1.1.0.Final/65b81fa5234e1fd8461b77bbccee7b9ebc0bbbb2/mapstruct-1.1.0.Final.jar:/Users/liulun/.gradle/caches/modules-2/files-2.1/org.apache.commons/commons-collections4/4.1/a4cf4688fe1c7e3a63aa636cc96d013af537768e/commons-collections4-4.1.jar:/Users/liulun/.gradle/caches/modules-2/files-2.1/org.apache.poi/poi-ooxml-schemas/3.17/890114bfa82f5b6380ea0e9b0bf49b0af797b414/poi-ooxml-schemas-3.17.jar:/Users/liulun/.gradle/caches/modules-2/files-2.1/com.github.virtuald/curvesapi/1.04/3386abf821719bc89c7685f9eaafaf4a842f0199/curvesapi-1.04.jar:/Users/liulun/.gradle/caches/modules-2/files-2.1/com.squareup.okio/okio/1.13.0/a9283170b7305c8d92d25aff02a6ab7e45d06cbe/okio-1.13.0.jar:/Users/liulun/.gradle/caches/modules-2/files-2.1/org.springframework/spring-context-support/4.3.14.RELEASE/c4f5f32bf8665bd05ee6b3b3f31bdb43fcb597ee/spring-context-support-4.3.14.RELEASE.jar:/Users/liulun/.gradle/caches/modules-2/files-2.1/org.springframework.boot/spring-boot-test-autoconfigure/1.5.10.RELEASE/55242f7c194fb141de8460a92e92b716469fc3a8/spring-boot-test-autoconfigure-1.5.10.RELEASE.jar:/Users/liulun/.gradle/caches/modules-2/files-2.1/org.springframework.boot/spring-boot-test/1.5.10.RELEASE/b7f28e8896906f0bbbb951727a7c5581c562d1c9/spring-boot-test-1.5.10.RELEASE.jar:/Users/liulun/.gradle/caches/modules-2/files-2.1/org.springframework.boot/spring-boot-autoconfigure/1.5.10.RELEASE/be96efab0d35181f18c486b0ec8d6a41a7042fce/spring-boot-autoconfigure-1.5.10.RELEASE.jar:/Users/liulun/.gradle/caches/modules-2/files-2.1/org.springframework.boot/spring-boot/1.5.10.RELEASE/594b3efa04829f62754a19f59f81ba204636167a/spring-boot-1.5.10.RELEASE.jar:/Users/liulun/.gradle/caches/modules-2/files-2.1/org.springframework/spring-context/4.3.14.RELEASE/e50a712960926c30e537ef4a633f5d9dd5a8b155/spring-context-4.3.14.RELEASE.jar:/Users/liulun/.gradle/caches/modules-2/files-2.1/com.sun.mail/javax.mail/1.5.6/ab5daef2f881c42c8e280cbe918ec4d7fdfd7efe/javax.mail-1.5.6.jar:/Users/liulun/.gradle/caches/modules-2/files-2.1/junit/junit/4.12/2973d150c0dc1fefe998f834810d68f278ea58ec/junit-4.12.jar:/Users/liulun/.gradle/caches/modules-2/files-2.1/org.assertj/assertj-core/2.6.0/b532c3fc4f66bcfee4989a3514f1cd56203a33ad/assertj-core-2.6.0.jar:/Users/liulun/.gradle/caches/modules-2/files-2.1/org.mockito/mockito-core/1.10.19/e8546f5bef4e061d8dd73895b4e8f40e3fe6effe/mockito-core-1.10.19.jar:/Users/liulun/.gradle/caches/modules-2/files-2.1/org.hamcrest/hamcrest-library/1.3/4785a3c21320980282f9f33d0d1264a69040538f/hamcrest-library-1.3.jar:/Users/liulun/.gradle/caches/modules-2/files-2.1/org.hamcrest/hamcrest-core/1.3/42a25dc3219429f0e5d060061f71acb49bf010a0/hamcrest-core-1.3.jar:/Users/liulun/.gradle/caches/modules-2/files-2.1/org.skyscreamer/jsonassert/1.4.0/9cdbb373a06f6513e51e8c545ee6a5e981463edb/jsonassert-1.4.0.jar:/Users/liulun/.gradle/caches/modules-2/files-2.1/org.springframework/spring-test/4.3.14.RELEASE/1a7f6f51a263a3e09e94403653348b3864412c53/spring-test-4.3.14.RELEASE.jar:/Users/liulun/.gradle/caches/modules-2/files-2.1/org.springframework/spring-tx/4.3.14.RELEASE/1c9449fcb805837db3c706eab4c729f89688a267/spring-tx-4.3.14.RELEASE.jar:/Users/liulun/.gradle/caches/modules-2/files-2.1/org.springframework/spring-aop/4.3.14.RELEASE/dfe55b0592aead8e3eb0e6a4e98db433b9e09bd7/spring-aop-4.3.14.RELEASE.jar:/Users/liulun/.gradle/caches/modules-2/files-2.1/org.springframework/spring-beans/4.3.14.RELEASE/7bcd17a68dd64e9447d7bff2c42ba7417678596e/spring-beans-4.3.14.RELEASE.jar:/Users/liulun/.gradle/caches/modules-2/files-2.1/org.springframework/spring-expression/4.3.14.RELEASE/58477b44debcb49b09e962e3047ee74c2c033e89/spring-expression-4.3.14.RELEASE.jar:/Users/liulun/.gradle/caches/modules-2/files-2.1/org.springframework/spring-core/4.3.14.RELEASE/c70ddb6204457a802d1f6882d65bca3e5b3c41df/spring-core-4.3.14.RELEASE.jar:/Users/liulun/.gradle/caches/modules-2/files-2.1/org.yaml/snakeyaml/1.17/7a27ea250c5130b2922b86dea63cbb1cc10a660c/snakeyaml-1.17.jar:/Users/liulun/.gradle/caches/modules-2/files-2.1/org.mongodb/mongodb-driver-core/3.4.3/c588da4e7b4ac9330e58d4d5b414508ccb14367b/mongodb-driver-core-3.4.3.jar:/Users/liulun/.gradle/caches/modules-2/files-2.1/org.mongodb/bson/3.4.3/83a9328ce8ffbdf29f4b46b531012427983ad3ec/bson-3.4.3.jar:/Users/liulun/.gradle/caches/modules-2/files-2.1/org.apache.tomcat.embed/tomcat-embed-websocket/8.5.27/3cba1c5187a17b0233de5712024d6e144036ba9a/tomcat-embed-websocket-8.5.27.jar:/Users/liulun/.gradle/caches/modules-2/files-2.1/org.apache.tomcat.embed/tomcat-embed-core/8.5.27/a10612f0af27c7bfcc4e8d88393adad1fc5b4ece/tomcat-embed-core-8.5.27.jar:/Users/liulun/.gradle/caches/modules-2/files-2.1/org.apache.tomcat.embed/tomcat-embed-el/8.5.27/5a591bcf5c930d2b37bb40c0f95180604a3b1a57/tomcat-embed-el-8.5.27.jar:/Users/liulun/.gradle/caches/modules-2/files-2.1/javax.validation/validation-api/1.1.0.Final/8613ae82954779d518631e05daa73a6a954817d5/validation-api-1.1.0.Final.jar:/Users/liulun/.gradle/caches/modules-2/files-2.1/org.jboss.logging/jboss-logging/3.3.1.Final/c46217ab74b532568c0ed31dc599db3048bd1b67/jboss-logging-3.3.1.Final.jar:/Users/liulun/.gradle/caches/modules-2/files-2.1/com.fasterxml.jackson.core/jackson-annotations/2.8.0/45b426f7796b741035581a176744d91090e2e6fb/jackson-annotations-2.8.0.jar:/Users/liulun/.gradle/caches/modules-2/files-2.1/com.fasterxml.jackson.core/jackson-core/2.8.10/eb21a035c66ad307e66ec8fce37f5d50fd62d039/jackson-core-2.8.10.jar:/Users/liulun/.gradle/caches/modules-2/files-2.1/org.apache.xmlbeans/xmlbeans/2.6.0/29e80d2dd51f9dcdef8f9ffaee0d4dc1c9bbfc87/xmlbeans-2.6.0.jar:/Users/liulun/.gradle/caches/modules-2/files-2.1/javax.activation/activation/1.1/e6cb541461c2834bdea3eb920f1884d1eb508b50/activation-1.1.jar:/Users/liulun/.gradle/caches/modules-2/files-2.1/net.minidev/json-smart/2.2.1/5b9e5df7a62d1279b70dc882b041d249c4f0b002/json-smart-2.2.1.jar:/Users/liulun/.gradle/caches/modules-2/files-2.1/org.objenesis/objenesis/2.1/87c0ea803b69252868d09308b4618f766f135a96/objenesis-2.1.jar:/Users/liulun/.gradle/caches/modules-2/files-2.1/com.vaadin.external.google/android-json/0.0.20131108.vaadin1/fa26d351fe62a6a17f5cda1287c1c6110dec413f/android-json-0.0.20131108.vaadin1.jar:/Users/liulun/.gradle/caches/modules-2/files-2.1/org.apache.tomcat/tomcat-annotations-api/8.5.27/122c0a4acaba72bf4590e83c9fbcb3475c46edc5/tomcat-annotations-api-8.5.27.jar:/Users/liulun/.gradle/caches/modules-2/files-2.1/net.bytebuddy/byte-buddy/1.6.14/871c3e49dc6183d0d361601c2f1d11abb1a6b48c/byte-buddy-1.6.14.jar:/Users/liulun/.gradle/caches/modules-2/files-2.1/org.javassist/javassist/3.21.0-GA/598244f595db5c5fb713731eddbb1c91a58d959b/javassist-3.21.0-GA.jar:/Users/liulun/.gradle/caches/modules-2/files-2.1/stax/stax-api/1.0.1/49c100caf72d658aca8e58bd74a4ba90fa2b0d70/stax-api-1.0.1.jar:/Users/liulun/.gradle/caches/modules-2/files-2.1/net.minidev/accessors-smart/1.1/a527213f2fea112a04c9bdf0ec0264e34104cd08/accessors-smart-1.1.jar:/Users/liulun/.gradle/caches/modules-2/files-2.1/ch.qos.logback/logback-core/1.1.11/88b8df40340eed549fb07e2613879bf6b006704d/logback-core-1.1.11.jar:/Users/liulun/.gradle/caches/modules-2/files-2.1/org.ow2.asm/asm/5.0.3/dcc2193db20e19e1feca8b1240dbbc4e190824fa/asm-5.0.3.jar, user.name=liulun, java.vm.specification.version=1.8, sun.java.command=worker.org.gradle.process.internal.worker.GradleWorkerMain 'Gradle Test Executor 8', java.home=/Library/Java/JavaVirtualMachines/jdk1.8.0_151.jdk/Contents/Home/jre, sun.arch.data.model=64, user.language=zh, java.specification.vendor=Oracle Corporation, awt.toolkit=sun.lwawt.macosx.LWCToolkit, java.vm.info=mixed mode, java.version=1.8.0_151, java.ext.dirs=/Users/liulun/Library/Java/Extensions:/Library/Java/JavaVirtualMachines/jdk1.8.0_151.jdk/Contents/Home/jre/lib/ext:/Library/Java/Extensions:/Network/Library/Java/Extensions:/System/Library/Java/Extensions:/usr/lib/java, sun.boot.class.path=/Library/Java/JavaVirtualMachines/jdk1.8.0_151.jdk/Contents/Home/jre/lib/resources.jar:/Library/Java/JavaVirtualMachines/jdk1.8.0_151.jdk/Contents/Home/jre/lib/rt.jar:/Library/Java/JavaVirtualMachines/jdk1.8.0_151.jdk/Contents/Home/jre/lib/sunrsasign.jar:/Library/Java/JavaVirtualMachines/jdk1.8.0_151.jdk/Contents/Home/jre/lib/jsse.jar:/Library/Java/JavaVirtualMachines/jdk1.8.0_151.jdk/Contents/Home/jre/lib/jce.jar:/Library/Java/JavaVirtualMachines/jdk1.8.0_151.jdk/Contents/Home/jre/lib/charsets.jar:/Library/Java/JavaVirtualMachines/jdk1.8.0_151.jdk/Contents/Home/jre/lib/jfr.jar:/Library/Java/JavaVirtualMachines/jdk1.8.0_151.jdk/Contents/Home/jre/classes, java.vendor=Oracle Corporation, org.gradle.test.worker=8, file.separator=/, java.vendor.url.bug=http://bugreport.sun.com/bugreport/, sun.io.unicode.encoding=UnicodeBig, sun.cpu.endian=little, socksNonProxyHosts=local|*.local|169.254/16|*.169.254/16, ftp.nonProxyHosts=local|*.local|169.254/16|*.169.254/16, sun.cpu.isalist=}}, SystemEnvironmentPropertySource@2128407057 {name='systemEnvironment', properties={PATH=/Library/Java/JavaVirtualMachines/jdk1.8.0_151.jdk/Contents/Home/bin:/usr/local/bin:/usr/bin:/bin:/usr/sbin:/sbin:/usr/local/Cellar/gradle/4.3.1/bin:/Applications/apache-maven-3.5.2/bin, APP_NAME_95410=Gradle, M2=/Applications/apache-maven-3.5.2/bin, JAVA_HOME=/Library/Java/JavaVirtualMachines/jdk1.8.0_151.jdk/Contents/Home, TERM=xterm-256color, GRADLE_HOME=/usr/local/Cellar/gradle/4.3.1, JAVA_MAIN_CLASS_95410=org.gradle.launcher.GradleMain, APP_ICON_95410=/usr/local/Cellar/gradle/4.3.1/libexec/media/gradle.icns, LOGNAME=liulun, XPC_SERVICE_NAME=0, PWD=/Users/liulun/Desktop/PatientDemo, SHELL=/bin/bash, OLDPWD=/usr/local/Cellar/gradle/4.3.1/libexec, USER=liulun, CLASSPATH=/usr/local/Cellar/gradle/4.3.1/libexec/lib/gradle-launcher-4.3.1.jar, TMPDIR=/var/folders/s9/581dnz_n4q92wq68tf9xmp2r0000gn/T/, SSH_AUTH_SOCK=/private/tmp/com.apple.launchd.SY6gMoxyUk/Listeners, XPC_FLAGS=0x0, JAVA_MAIN_CLASS_95420=worker.org.gradle.process.internal.worker.GradleWorkerMain, M2_HOME=/Applications/apache-maven-3.5.2, __CF_USER_TEXT_ENCODING=0x1F5:0x19:0x34, Apple_PubSub_Socket_Render=/private/tmp/com.apple.launchd.XEpp8di7F7/Render, LC_CTYPE=zh_CN.UTF-8, HOME=/Users/liulun, SHLVL=1}}]
17:26:02.315 [Test worker] DEBUG org.springframework.core.io.support.PathMatchingResourcePatternResolver - Resolved classpath location [com/example/demo/] to resources [URL [file:/Users/liulun/Desktop/PatientDemo/build/classes/java/test/com/example/demo/], URL [file:/Users/liulun/Desktop/PatientDemo/build/classes/java/main/com/example/demo/]]
17:26:02.315 [Test worker] DEBUG org.springframework.core.io.support.PathMatchingResourcePatternResolver - Looking for matching resources in directory tree [/Users/liulun/Desktop/PatientDemo/build/classes/java/test/com/example/demo]
17:26:02.315 [Test worker] DEBUG org.springframework.core.io.support.PathMatchingResourcePatternResolver - Searching directory [/Users/liulun/Desktop/PatientDemo/build/classes/java/test/com/example/demo] for files matching pattern [/Users/liulun/Desktop/PatientDemo/build/classes/java/test/com/example/demo/*.class]
17:26:02.318 [Test worker] DEBUG org.springframework.core.io.support.PathMatchingResourcePatternResolver - Looking for matching resources in directory tree [/Users/liulun/Desktop/PatientDemo/build/classes/java/main/com/example/demo]
17:26:02.318 [Test worker] DEBUG org.springframework.core.io.support.PathMatchingResourcePatternResolver - Searching directory [/Users/liulun/Desktop/PatientDemo/build/classes/java/main/com/example/demo] for files matching pattern [/Users/liulun/Desktop/PatientDemo/build/classes/java/main/com/example/demo/*.class]
17:26:02.319 [Test worker] DEBUG org.springframework.core.io.support.PathMatchingResourcePatternResolver - Resolved location pattern [classpath*:com/example/demo/*.class] to resources [file [/Users/liulun/Desktop/PatientDemo/build/classes/java/test/com/example/demo/DemoApplicationTests.class], file [/Users/liulun/Desktop/PatientDemo/build/classes/java/main/com/example/demo/DemoApplication.class], file [/Users/liulun/Desktop/PatientDemo/build/classes/java/main/com/example/demo/MyWebAppConfigurer.class]]
17:26:02.361 [Test worker] DEBUG org.springframework.context.annotation.ClassPathScanningCandidateComponentProvider - Identified candidate component class: file [/Users/liulun/Desktop/PatientDemo/build/classes/java/main/com/example/demo/DemoApplication.class]
17:26:02.365 [Test worker] INFO org.springframework.boot.test.context.SpringBootTestContextBootstrapper - Found @SpringBootConfiguration com.example.demo.DemoApplication for test class com.example.demo.DemoApplicationTests
17:26:02.368 [Test worker] DEBUG org.springframework.boot.test.context.SpringBootTestContextBootstrapper - @TestExecutionListeners is not present for class [com.example.demo.DemoApplicationTests]: using defaults.
17:26:02.372 [Test worker] INFO org.springframework.boot.test.context.SpringBootTestContextBootstrapper - Loaded default TestExecutionListener class names from location [META-INF/spring.factories]: [org.springframework.boot.test.autoconfigure.restdocs.RestDocsTestExecutionListener, org.springframework.boot.test.autoconfigure.web.client.MockRestServiceServerResetTestExecutionListener, org.springframework.boot.test.autoconfigure.web.servlet.MockMvcPrintOnlyOnFailureTestExecutionListener, org.springframework.boot.test.autoconfigure.web.servlet.WebDriverTestExecutionListener, org.springframework.boot.test.mock.mockito.MockitoTestExecutionListener, org.springframework.boot.test.mock.mockito.ResetMocksTestExecutionListener, org.springframework.test.context.web.ServletTestExecutionListener, org.springframework.test.context.support.DirtiesContextBeforeModesTestExecutionListener, org.springframework.test.context.support.DependencyInjectionTestExecutionListener, org.springframework.test.context.support.DirtiesContextTestExecutionListener, org.springframework.test.context.transaction.TransactionalTestExecutionListener, org.springframework.test.context.jdbc.SqlScriptsTestExecutionListener]
17:26:02.392 [Test worker] INFO org.springframework.boot.test.context.SpringBootTestContextBootstrapper - Using TestExecutionListeners: [org.springframework.test.context.web.ServletTestExecutionListener@27326484, org.springframework.test.context.support.DirtiesContextBeforeModesTestExecutionListener@526aed1c, org.springframework.boot.test.autoconfigure.SpringBootDependencyInjectionTestExecutionListener@4280a35f, org.springframework.test.context.support.DirtiesContextTestExecutionListener@10738c6a, org.springframework.test.context.transaction.TransactionalTestExecutionListener@24d1dca4, org.springframework.test.context.jdbc.SqlScriptsTestExecutionListener@2156c72f, org.springframework.boot.test.autoconfigure.restdocs.RestDocsTestExecutionListener@668b0201, org.springframework.boot.test.autoconfigure.web.client.MockRestServiceServerResetTestExecutionListener@6a17c266, org.springframework.boot.test.autoconfigure.web.servlet.MockMvcPrintOnlyOnFailureTestExecutionListener@4009177c, org.springframework.boot.test.autoconfigure.web.servlet.WebDriverTestExecutionListener@57f1dfed, org.springframework.boot.test.mock.mockito.MockitoTestExecutionListener@69544418, org.springframework.boot.test.mock.mockito.ResetMocksTestExecutionListener@3d04bfa6]
17:26:02.395 [Test worker] DEBUG org.springframework.test.annotation.ProfileValueUtils - Retrieved @ProfileValueSourceConfiguration [null] for test class [com.example.demo.DemoApplicationTests]
17:26:02.395 [Test worker] DEBUG org.springframework.test.annotation.ProfileValueUtils - Retrieved ProfileValueSource type [class org.springframework.test.annotation.SystemProfileValueSource] for class [com.example.demo.DemoApplicationTests]
17:26:02.396 [Test worker] DEBUG org.springframework.test.annotation.ProfileValueUtils - Retrieved @ProfileValueSourceConfiguration [null] for test class [com.example.demo.DemoApplicationTests]
17:26:02.396 [Test worker] DEBUG org.springframework.test.annotation.ProfileValueUtils - Retrieved ProfileValueSource type [class org.springframework.test.annotation.SystemProfileValueSource] for class [com.example.demo.DemoApplicationTests]
17:26:02.401 [Test worker] DEBUG org.springframework.test.context.support.AbstractDirtiesContextTestExecutionListener - Before test class: context [DefaultTestContext@2293e5c3 testClass = DemoApplicationTests, testInstance = [null], testMethod = [null], testException = [null], mergedContextConfiguration = [WebMergedContextConfiguration@4727e3d0 testClass = DemoApplicationTests, locations = '{}', classes = '{class com.example.demo.DemoApplication}', contextInitializerClasses = '[]', activeProfiles = '{}', propertySourceLocations = '{}', propertySourceProperties = '{org.springframework.boot.test.context.SpringBootTestContextBootstrapper=true}', contextCustomizers = set[org.springframework.boot.test.autoconfigure.properties.PropertyMappingContextCustomizer@0, org.springframework.boot.test.autoconfigure.web.servlet.WebDriverContextCustomizerFactory$Customizer@2790be4f, org.springframework.boot.test.context.SpringBootTestContextCustomizer@4b26849f, org.springframework.boot.test.context.filter.ExcludeFilterContextCustomizer@48a0b34f, org.springframework.boot.test.json.DuplicateJsonObjectContextCustomizerFactory$DuplicateJsonObjectContextCustomizer@320ee743, org.springframework.boot.test.mock.mockito.MockitoContextCustomizer@0], resourceBasePath = 'src/main/webapp', contextLoader = 'org.springframework.boot.test.context.SpringBootContextLoader', parent = [null]]], class annotated with @DirtiesContext [false] with mode [null].
17:26:02.403 [Test worker] DEBUG org.springframework.test.annotation.ProfileValueUtils - Retrieved @ProfileValueSourceConfiguration [null] for test class [com.example.demo.DemoApplicationTests]
17:26:02.403 [Test worker] DEBUG org.springframework.test.annotation.ProfileValueUtils - Retrieved ProfileValueSource type [class org.springframework.test.annotation.SystemProfileValueSource] for class [com.example.demo.DemoApplicationTests]
17:26:02.453 [Test worker] DEBUG org.springframework.core.env.StandardEnvironment - Adding PropertySource 'systemProperties' with lowest search precedence
17:26:02.453 [Test worker] DEBUG org.springframework.core.env.StandardEnvironment - Adding PropertySource 'systemEnvironment' with lowest search precedence
17:26:02.454 [Test worker] DEBUG org.springframework.core.env.StandardEnvironment - Initialized StandardEnvironment with PropertySources [MapPropertySource@1143400395 {name='systemProperties', properties={java.runtime.name=Java(TM) SE Runtime Environment, sun.boot.library.path=/Library/Java/JavaVirtualMachines/jdk1.8.0_151.jdk/Contents/Home/jre/lib, java.vm.version=25.151-b12, gopherProxySet=false, java.vm.vendor=Oracle Corporation, java.vendor.url=http://java.oracle.com/, path.separator=:, java.vm.name=Java HotSpot(TM) 64-Bit Server VM, file.encoding.pkg=sun.io, sun.java.launcher=SUN_STANDARD, user.country=CN, sun.os.patch.level=unknown, java.vm.specification.name=Java Virtual Machine Specification, user.dir=/Users/liulun/Desktop/PatientDemo, java.runtime.version=1.8.0_151-b12, java.awt.graphicsenv=sun.awt.CGraphicsEnvironment, java.endorsed.dirs=/Library/Java/JavaVirtualMachines/jdk1.8.0_151.jdk/Contents/Home/jre/lib/endorsed, os.arch=x86_64, java.io.tmpdir=/var/folders/s9/581dnz_n4q92wq68tf9xmp2r0000gn/T/, line.separator=
, java.vm.specification.vendor=Oracle Corporation, user.variant=, os.name=Mac OS X, sun.jnu.encoding=UTF-8, java.library.path=/Users/liulun/Library/Java/Extensions:/Library/Java/Extensions:/Network/Library/Java/Extensions:/System/Library/Java/Extensions:/usr/lib/java:., java.specification.name=Java Platform API Specification, java.class.version=52.0, org.gradle.native=false, sun.management.compiler=HotSpot 64-Bit Tiered Compilers, os.version=10.12.6, http.nonProxyHosts=local|*.local|169.254/16|*.169.254/16, user.home=/Users/liulun, user.timezone=Asia/Shanghai, java.awt.printerjob=sun.lwawt.macosx.CPrinterJob, file.encoding=UTF-8, java.specification.version=1.8, java.class.path=/Users/liulun/Desktop/PatientDemo/build/classes/java/test:/Users/liulun/Desktop/PatientDemo/build/resources/test:/Users/liulun/Desktop/PatientDemo/build/classes/java/main:/Users/liulun/Desktop/PatientDemo/build/resources/main:/Users/liulun/.gradle/caches/modules-2/files-2.1/org.springframework.boot/spring-boot-starter-data-mongodb/1.5.10.RELEASE/bf4a46badadfcdf81559d0cb8c09adf39d83bcd2/spring-boot-starter-data-mongodb-1.5.10.RELEASE.jar:/Users/liulun/.gradle/caches/modules-2/files-2.1/org.springframework.boot/spring-boot-starter-web/1.5.10.RELEASE/8bc445f3ee81e5322e46b28cbb33bca1800b69d9/spring-boot-starter-web-1.5.10.RELEASE.jar:/Users/liulun/.gradle/caches/modules-2/files-2.1/commons-beanutils/commons-beanutils/1.9.3/c845703de334ddc6b4b3cd26835458cb1cba1f3d/commons-beanutils-1.9.3.jar:/Users/liulun/.gradle/caches/modules-2/files-2.1/org.projectlombok/lombok/1.16.20/ac76d9b956045631d1561a09289cbf472e077c01/lombok-1.16.20.jar:/Users/liulun/.gradle/caches/modules-2/files-2.1/io.springfox/springfox-swagger2/2.7.0/dd28b7ce26af1209d6ef19f5f24a8c23b41ca6fc/springfox-swagger2-2.7.0.jar:/Users/liulun/.gradle/caches/modules-2/files-2.1/io.springfox/springfox-swagger-ui/2.7.0/92608eb6c2056810b4e3189196b4e8cce645d6de/springfox-swagger-ui-2.7.0.jar:/Users/liulun/.gradle/caches/modules-2/files-2.1/org.modelmapper/modelmapper/0.7.5/5bef63ad6fa1008d56d27557e4a7f223fb639678/modelmapper-0.7.5.jar:/Users/liulun/.gradle/caches/modules-2/files-2.1/org.apache.poi/poi-ooxml/3.17/7d8c44407178b73246462842bf1e206e99c8e0a/poi-ooxml-3.17.jar:/Users/liulun/.gradle/caches/modules-2/files-2.1/org.apache.poi/poi/3.17/ae92292a2043888b40d418da97dc0b669fde326/poi-3.17.jar:/Users/liulun/.gradle/caches/modules-2/files-2.1/com.squareup.okhttp3/okhttp/3.9.1/84b4b7d1c4a238e7899972b7446c250691e65f1f/okhttp-3.9.1.jar:/Users/liulun/.gradle/caches/modules-2/files-2.1/org.apache.commons/commons-lang3/3.7/557edd918fd41f9260963583ebf5a61a43a6b423/commons-lang3-3.7.jar:/Users/liulun/.gradle/caches/modules-2/files-2.1/com.alibaba/fastjson/1.2.41/19103e9ce292f711c462a97644d7a883cd20aa40/fastjson-1.2.41.jar:/Users/liulun/.gradle/caches/modules-2/files-2.1/commons-codec/commons-codec/1.11/3acb4705652e16236558f0f4f2192cc33c3bd189/commons-codec-1.11.jar:/Users/liulun/.gradle/caches/modules-2/files-2.1/org.springframework.boot/spring-boot-starter-mail/1.5.10.RELEASE/965dfd50458b9820097096267a61e751b5d8a966/spring-boot-starter-mail-1.5.10.RELEASE.jar:/Users/liulun/.gradle/caches/modules-2/files-2.1/org.springframework.boot/spring-boot-starter-test/1.5.9.RELEASE/b5adf6fbf53be00b7ae52f657d564122edbe5156/spring-boot-starter-test-1.5.9.RELEASE.jar:/Users/liulun/.gradle/caches/modules-2/files-2.1/org.springframework.boot/spring-boot-starter/1.5.10.RELEASE/d935ac98f84c1d97d7ccd702d21abdc236fa7aa0/spring-boot-starter-1.5.10.RELEASE.jar:/Users/liulun/.gradle/caches/modules-2/files-2.1/org.mongodb/mongodb-driver/3.4.3/a1c708919fdca8da4a527cb4ea9df30f8db9993b/mongodb-driver-3.4.3.jar:/Users/liulun/.gradle/caches/modules-2/files-2.1/org.springframework.data/spring-data-mongodb/1.10.10.RELEASE/b452b00c8a83039b94edb33ecc278200ba940b74/spring-data-mongodb-1.10.10.RELEASE.jar:/Users/liulun/.gradle/caches/modules-2/files-2.1/org.springframework.boot/spring-boot-starter-tomcat/1.5.10.RELEASE/11e474e265f1c68fc435dddbac42ab3574b5e4b6/spring-boot-starter-tomcat-1.5.10.RELEASE.jar:/Users/liulun/.gradle/caches/modules-2/files-2.1/org.hibernate/hibernate-validator/5.3.6.Final/4c730be8bf55a8e9a61e79a2f2c079abf48b718/hibernate-validator-5.3.6.Final.jar:/Users/liulun/.gradle/caches/modules-2/files-2.1/com.fasterxml.jackson.core/jackson-databind/2.8.10/f7b83cb2bc4b88d53961e749e1ad32f49ef017b7/jackson-databind-2.8.10.jar:/Users/liulun/.gradle/caches/modules-2/files-2.1/org.springframework/spring-webmvc/4.3.14.RELEASE/1571eab8a807005d424ca16fedd54b1f439787b2/spring-webmvc-4.3.14.RELEASE.jar:/Users/liulun/.gradle/caches/modules-2/files-2.1/org.springframework/spring-web/4.3.14.RELEASE/a0c3bf3ad661db185675bd5af350f35ed11f0903/spring-web-4.3.14.RELEASE.jar:/Users/liulun/.gradle/caches/modules-2/files-2.1/commons-collections/commons-collections/3.2.2/8ad72fe39fa8c91eaaf12aadb21e0c3661fe26d5/commons-collections-3.2.2.jar:/Users/liulun/.gradle/caches/modules-2/files-2.1/io.springfox/springfox-swagger-common/2.7.0/5a632aecc733753887f90592382fa271e546062a/springfox-swagger-common-2.7.0.jar:/Users/liulun/.gradle/caches/modules-2/files-2.1/io.swagger/swagger-models/1.5.13/571a0046f35f9dac569a1870465248595e33ccdb/swagger-models-1.5.13.jar:/Users/liulun/.gradle/caches/modules-2/files-2.1/io.swagger/swagger-annotations/1.5.13/72433c890a61a876d22063e269be421c810a1a8d/swagger-annotations-1.5.13.jar:/Users/liulun/.gradle/caches/modules-2/files-2.1/io.springfox/springfox-schema/2.7.0/aab297a6781e829b9d6bac514a4dc860966c3c8d/springfox-schema-2.7.0.jar:/Users/liulun/.gradle/caches/modules-2/files-2.1/io.springfox/springfox-spring-web/2.7.0/a54be5572b6b5210f6892e13d6b136dde5e96bf6/springfox-spring-web-2.7.0.jar:/Users/liulun/.gradle/caches/modules-2/files-2.1/io.springfox/springfox-spi/2.7.0/dab14edcb863dd506278dc950908b4f684e93b7/springfox-spi-2.7.0.jar:/Users/liulun/.gradle/caches/modules-2/files-2.1/io.springfox/springfox-core/2.7.0/f3e6d1cf5170b4b56ee0a00c1b3b05221f2ecb96/springfox-core-2.7.0.jar:/Users/liulun/.gradle/caches/modules-2/files-2.1/org.reflections/reflections/0.9.11/4c686033d918ec1727e329b7222fcb020152e32b/reflections-0.9.11.jar:/Users/liulun/.gradle/caches/modules-2/files-2.1/com.google.guava/guava/20.0/89507701249388e1ed5ddcf8c41f4ce1be7831ef/guava-20.0.jar:/Users/liulun/.gradle/caches/modules-2/files-2.1/com.fasterxml/classmate/1.3.4/3d5f48f10bbe4eb7bd862f10c0583be2e0053c6/classmate-1.3.4.jar:/Users/liulun/.gradle/caches/modules-2/files-2.1/org.springframework.plugin/spring-plugin-metadata/1.2.0.RELEASE/97223fc496b6cab31602eedbd4202aa4fff0d44f/spring-plugin-metadata-1.2.0.RELEASE.jar:/Users/liulun/.gradle/caches/modules-2/files-2.1/org.springframework.plugin/spring-plugin-core/1.2.0.RELEASE/f380e7760032e7d929184f8ad8a33716b75c0657/spring-plugin-core-1.2.0.RELEASE.jar:/Users/liulun/.gradle/caches/modules-2/files-2.1/com.jayway.jsonpath/json-path/2.2.0/22290d17944bd239fabf5ac69005a60a7ecbbbcb/json-path-2.2.0.jar:/Users/liulun/.gradle/caches/modules-2/files-2.1/org.springframework.data/spring-data-commons/1.13.10.RELEASE/b732245a0902b561b0c33e54cd0f382e9ac444ed/spring-data-commons-1.13.10.RELEASE.jar:/Users/liulun/.gradle/caches/modules-2/files-2.1/org.springframework.boot/spring-boot-starter-logging/1.5.10.RELEASE/62c73688208b3173645d6701fc3eb95ca657e6c8/spring-boot-starter-logging-1.5.10.RELEASE.jar:/Users/liulun/.gradle/caches/modules-2/files-2.1/org.slf4j/jcl-over-slf4j/1.7.25/f8c32b13ff142a513eeb5b6330b1588dcb2c0461/jcl-over-slf4j-1.7.25.jar:/Users/liulun/.gradle/caches/modules-2/files-2.1/ch.qos.logback/logback-classic/1.1.11/ccedfbacef4a6515d2983e3f89ed753d5d4fb665/logback-classic-1.1.11.jar:/Users/liulun/.gradle/caches/modules-2/files-2.1/org.slf4j/jul-to-slf4j/1.7.25/af5364cd6679bfffb114f0dec8a157aaa283b76/jul-to-slf4j-1.7.25.jar:/Users/liulun/.gradle/caches/modules-2/files-2.1/org.slf4j/slf4j-api/1.7.25/da76ca59f6a57ee3102f8f9bd9cee742973efa8a/slf4j-api-1.7.25.jar:/Users/liulun/.gradle/caches/modules-2/files-2.1/org.mapstruct/mapstruct/1.1.0.Final/65b81fa5234e1fd8461b77bbccee7b9ebc0bbbb2/mapstruct-1.1.0.Final.jar:/Users/liulun/.gradle/caches/modules-2/files-2.1/org.apache.commons/commons-collections4/4.1/a4cf4688fe1c7e3a63aa636cc96d013af537768e/commons-collections4-4.1.jar:/Users/liulun/.gradle/caches/modules-2/files-2.1/org.apache.poi/poi-ooxml-schemas/3.17/890114bfa82f5b6380ea0e9b0bf49b0af797b414/poi-ooxml-schemas-3.17.jar:/Users/liulun/.gradle/caches/modules-2/files-2.1/com.github.virtuald/curvesapi/1.04/3386abf821719bc89c7685f9eaafaf4a842f0199/curvesapi-1.04.jar:/Users/liulun/.gradle/caches/modules-2/files-2.1/com.squareup.okio/okio/1.13.0/a9283170b7305c8d92d25aff02a6ab7e45d06cbe/okio-1.13.0.jar:/Users/liulun/.gradle/caches/modules-2/files-2.1/org.springframework/spring-context-support/4.3.14.RELEASE/c4f5f32bf8665bd05ee6b3b3f31bdb43fcb597ee/spring-context-support-4.3.14.RELEASE.jar:/Users/liulun/.gradle/caches/modules-2/files-2.1/org.springframework.boot/spring-boot-test-autoconfigure/1.5.10.RELEASE/55242f7c194fb141de8460a92e92b716469fc3a8/spring-boot-test-autoconfigure-1.5.10.RELEASE.jar:/Users/liulun/.gradle/caches/modules-2/files-2.1/org.springframework.boot/spring-boot-test/1.5.10.RELEASE/b7f28e8896906f0bbbb951727a7c5581c562d1c9/spring-boot-test-1.5.10.RELEASE.jar:/Users/liulun/.gradle/caches/modules-2/files-2.1/org.springframework.boot/spring-boot-autoconfigure/1.5.10.RELEASE/be96efab0d35181f18c486b0ec8d6a41a7042fce/spring-boot-autoconfigure-1.5.10.RELEASE.jar:/Users/liulun/.gradle/caches/modules-2/files-2.1/org.springframework.boot/spring-boot/1.5.10.RELEASE/594b3efa04829f62754a19f59f81ba204636167a/spring-boot-1.5.10.RELEASE.jar:/Users/liulun/.gradle/caches/modules-2/files-2.1/org.springframework/spring-context/4.3.14.RELEASE/e50a712960926c30e537ef4a633f5d9dd5a8b155/spring-context-4.3.14.RELEASE.jar:/Users/liulun/.gradle/caches/modules-2/files-2.1/com.sun.mail/javax.mail/1.5.6/ab5daef2f881c42c8e280cbe918ec4d7fdfd7efe/javax.mail-1.5.6.jar:/Users/liulun/.gradle/caches/modules-2/files-2.1/junit/junit/4.12/2973d150c0dc1fefe998f834810d68f278ea58ec/junit-4.12.jar:/Users/liulun/.gradle/caches/modules-2/files-2.1/org.assertj/assertj-core/2.6.0/b532c3fc4f66bcfee4989a3514f1cd56203a33ad/assertj-core-2.6.0.jar:/Users/liulun/.gradle/caches/modules-2/files-2.1/org.mockito/mockito-core/1.10.19/e8546f5bef4e061d8dd73895b4e8f40e3fe6effe/mockito-core-1.10.19.jar:/Users/liulun/.gradle/caches/modules-2/files-2.1/org.hamcrest/hamcrest-library/1.3/4785a3c21320980282f9f33d0d1264a69040538f/hamcrest-library-1.3.jar:/Users/liulun/.gradle/caches/modules-2/files-2.1/org.hamcrest/hamcrest-core/1.3/42a25dc3219429f0e5d060061f71acb49bf010a0/hamcrest-core-1.3.jar:/Users/liulun/.gradle/caches/modules-2/files-2.1/org.skyscreamer/jsonassert/1.4.0/9cdbb373a06f6513e51e8c545ee6a5e981463edb/jsonassert-1.4.0.jar:/Users/liulun/.gradle/caches/modules-2/files-2.1/org.springframework/spring-test/4.3.14.RELEASE/1a7f6f51a263a3e09e94403653348b3864412c53/spring-test-4.3.14.RELEASE.jar:/Users/liulun/.gradle/caches/modules-2/files-2.1/org.springframework/spring-tx/4.3.14.RELEASE/1c9449fcb805837db3c706eab4c729f89688a267/spring-tx-4.3.14.RELEASE.jar:/Users/liulun/.gradle/caches/modules-2/files-2.1/org.springframework/spring-aop/4.3.14.RELEASE/dfe55b0592aead8e3eb0e6a4e98db433b9e09bd7/spring-aop-4.3.14.RELEASE.jar:/Users/liulun/.gradle/caches/modules-2/files-2.1/org.springframework/spring-beans/4.3.14.RELEASE/7bcd17a68dd64e9447d7bff2c42ba7417678596e/spring-beans-4.3.14.RELEASE.jar:/Users/liulun/.gradle/caches/modules-2/files-2.1/org.springframework/spring-expression/4.3.14.RELEASE/58477b44debcb49b09e962e3047ee74c2c033e89/spring-expression-4.3.14.RELEASE.jar:/Users/liulun/.gradle/caches/modules-2/files-2.1/org.springframework/spring-core/4.3.14.RELEASE/c70ddb6204457a802d1f6882d65bca3e5b3c41df/spring-core-4.3.14.RELEASE.jar:/Users/liulun/.gradle/caches/modules-2/files-2.1/org.yaml/snakeyaml/1.17/7a27ea250c5130b2922b86dea63cbb1cc10a660c/snakeyaml-1.17.jar:/Users/liulun/.gradle/caches/modules-2/files-2.1/org.mongodb/mongodb-driver-core/3.4.3/c588da4e7b4ac9330e58d4d5b414508ccb14367b/mongodb-driver-core-3.4.3.jar:/Users/liulun/.gradle/caches/modules-2/files-2.1/org.mongodb/bson/3.4.3/83a9328ce8ffbdf29f4b46b531012427983ad3ec/bson-3.4.3.jar:/Users/liulun/.gradle/caches/modules-2/files-2.1/org.apache.tomcat.embed/tomcat-embed-websocket/8.5.27/3cba1c5187a17b0233de5712024d6e144036ba9a/tomcat-embed-websocket-8.5.27.jar:/Users/liulun/.gradle/caches/modules-2/files-2.1/org.apache.tomcat.embed/tomcat-embed-core/8.5.27/a10612f0af27c7bfcc4e8d88393adad1fc5b4ece/tomcat-embed-core-8.5.27.jar:/Users/liulun/.gradle/caches/modules-2/files-2.1/org.apache.tomcat.embed/tomcat-embed-el/8.5.27/5a591bcf5c930d2b37bb40c0f95180604a3b1a57/tomcat-embed-el-8.5.27.jar:/Users/liulun/.gradle/caches/modules-2/files-2.1/javax.validation/validation-api/1.1.0.Final/8613ae82954779d518631e05daa73a6a954817d5/validation-api-1.1.0.Final.jar:/Users/liulun/.gradle/caches/modules-2/files-2.1/org.jboss.logging/jboss-logging/3.3.1.Final/c46217ab74b532568c0ed31dc599db3048bd1b67/jboss-logging-3.3.1.Final.jar:/Users/liulun/.gradle/caches/modules-2/files-2.1/com.fasterxml.jackson.core/jackson-annotations/2.8.0/45b426f7796b741035581a176744d91090e2e6fb/jackson-annotations-2.8.0.jar:/Users/liulun/.gradle/caches/modules-2/files-2.1/com.fasterxml.jackson.core/jackson-core/2.8.10/eb21a035c66ad307e66ec8fce37f5d50fd62d039/jackson-core-2.8.10.jar:/Users/liulun/.gradle/caches/modules-2/files-2.1/org.apache.xmlbeans/xmlbeans/2.6.0/29e80d2dd51f9dcdef8f9ffaee0d4dc1c9bbfc87/xmlbeans-2.6.0.jar:/Users/liulun/.gradle/caches/modules-2/files-2.1/javax.activation/activation/1.1/e6cb541461c2834bdea3eb920f1884d1eb508b50/activation-1.1.jar:/Users/liulun/.gradle/caches/modules-2/files-2.1/net.minidev/json-smart/2.2.1/5b9e5df7a62d1279b70dc882b041d249c4f0b002/json-smart-2.2.1.jar:/Users/liulun/.gradle/caches/modules-2/files-2.1/org.objenesis/objenesis/2.1/87c0ea803b69252868d09308b4618f766f135a96/objenesis-2.1.jar:/Users/liulun/.gradle/caches/modules-2/files-2.1/com.vaadin.external.google/android-json/0.0.20131108.vaadin1/fa26d351fe62a6a17f5cda1287c1c6110dec413f/android-json-0.0.20131108.vaadin1.jar:/Users/liulun/.gradle/caches/modules-2/files-2.1/org.apache.tomcat/tomcat-annotations-api/8.5.27/122c0a4acaba72bf4590e83c9fbcb3475c46edc5/tomcat-annotations-api-8.5.27.jar:/Users/liulun/.gradle/caches/modules-2/files-2.1/net.bytebuddy/byte-buddy/1.6.14/871c3e49dc6183d0d361601c2f1d11abb1a6b48c/byte-buddy-1.6.14.jar:/Users/liulun/.gradle/caches/modules-2/files-2.1/org.javassist/javassist/3.21.0-GA/598244f595db5c5fb713731eddbb1c91a58d959b/javassist-3.21.0-GA.jar:/Users/liulun/.gradle/caches/modules-2/files-2.1/stax/stax-api/1.0.1/49c100caf72d658aca8e58bd74a4ba90fa2b0d70/stax-api-1.0.1.jar:/Users/liulun/.gradle/caches/modules-2/files-2.1/net.minidev/accessors-smart/1.1/a527213f2fea112a04c9bdf0ec0264e34104cd08/accessors-smart-1.1.jar:/Users/liulun/.gradle/caches/modules-2/files-2.1/ch.qos.logback/logback-core/1.1.11/88b8df40340eed549fb07e2613879bf6b006704d/logback-core-1.1.11.jar:/Users/liulun/.gradle/caches/modules-2/files-2.1/org.ow2.asm/asm/5.0.3/dcc2193db20e19e1feca8b1240dbbc4e190824fa/asm-5.0.3.jar, user.name=liulun, java.vm.specification.version=1.8, sun.java.command=worker.org.gradle.process.internal.worker.GradleWorkerMain 'Gradle Test Executor 8', java.home=/Library/Java/JavaVirtualMachines/jdk1.8.0_151.jdk/Contents/Home/jre, sun.arch.data.model=64, user.language=zh, java.specification.vendor=Oracle Corporation, awt.toolkit=sun.lwawt.macosx.LWCToolkit, java.vm.info=mixed mode, java.version=1.8.0_151, java.ext.dirs=/Users/liulun/Library/Java/Extensions:/Library/Java/JavaVirtualMachines/jdk1.8.0_151.jdk/Contents/Home/jre/lib/ext:/Library/Java/Extensions:/Network/Library/Java/Extensions:/System/Library/Java/Extensions:/usr/lib/java, sun.boot.class.path=/Library/Java/JavaVirtualMachines/jdk1.8.0_151.jdk/Contents/Home/jre/lib/resources.jar:/Library/Java/JavaVirtualMachines/jdk1.8.0_151.jdk/Contents/Home/jre/lib/rt.jar:/Library/Java/JavaVirtualMachines/jdk1.8.0_151.jdk/Contents/Home/jre/lib/sunrsasign.jar:/Library/Java/JavaVirtualMachines/jdk1.8.0_151.jdk/Contents/Home/jre/lib/jsse.jar:/Library/Java/JavaVirtualMachines/jdk1.8.0_151.jdk/Contents/Home/jre/lib/jce.jar:/Library/Java/JavaVirtualMachines/jdk1.8.0_151.jdk/Contents/Home/jre/lib/charsets.jar:/Library/Java/JavaVirtualMachines/jdk1.8.0_151.jdk/Contents/Home/jre/lib/jfr.jar:/Library/Java/JavaVirtualMachines/jdk1.8.0_151.jdk/Contents/Home/jre/classes, java.vendor=Oracle Corporation, org.gradle.test.worker=8, file.separator=/, java.vendor.url.bug=http://bugreport.sun.com/bugreport/, sun.io.unicode.encoding=UnicodeBig, sun.cpu.endian=little, socksNonProxyHosts=local|*.local|169.254/16|*.169.254/16, ftp.nonProxyHosts=local|*.local|169.254/16|*.169.254/16, sun.cpu.isalist=}}, SystemEnvironmentPropertySource@2133117655 {name='systemEnvironment', properties={PATH=/Library/Java/JavaVirtualMachines/jdk1.8.0_151.jdk/Contents/Home/bin:/usr/local/bin:/usr/bin:/bin:/usr/sbin:/sbin:/usr/local/Cellar/gradle/4.3.1/bin:/Applications/apache-maven-3.5.2/bin, APP_NAME_95410=Gradle, M2=/Applications/apache-maven-3.5.2/bin, JAVA_HOME=/Library/Java/JavaVirtualMachines/jdk1.8.0_151.jdk/Contents/Home, TERM=xterm-256color, GRADLE_HOME=/usr/local/Cellar/gradle/4.3.1, JAVA_MAIN_CLASS_95410=org.gradle.launcher.GradleMain, APP_ICON_95410=/usr/local/Cellar/gradle/4.3.1/libexec/media/gradle.icns, LOGNAME=liulun, XPC_SERVICE_NAME=0, PWD=/Users/liulun/Desktop/PatientDemo, SHELL=/bin/bash, OLDPWD=/usr/local/Cellar/gradle/4.3.1/libexec, USER=liulun, CLASSPATH=/usr/local/Cellar/gradle/4.3.1/libexec/lib/gradle-launcher-4.3.1.jar, TMPDIR=/var/folders/s9/581dnz_n4q92wq68tf9xmp2r0000gn/T/, SSH_AUTH_SOCK=/private/tmp/com.apple.launchd.SY6gMoxyUk/Listeners, XPC_FLAGS=0x0, JAVA_MAIN_CLASS_95420=worker.org.gradle.process.internal.worker.GradleWorkerMain, M2_HOME=/Applications/apache-maven-3.5.2, __CF_USER_TEXT_ENCODING=0x1F5:0x19:0x34, Apple_PubSub_Socket_Render=/private/tmp/com.apple.launchd.XEpp8di7F7/Render, LC_CTYPE=zh_CN.UTF-8, HOME=/Users/liulun, SHLVL=1}}]
17:26:02.457 [Test worker] DEBUG org.springframework.core.env.MutablePropertySources - Adding PropertySource 'inline' with highest search precedence
17:26:02.461 [Test worker] DEBUG org.springframework.test.context.support.TestPropertySourceUtils - Adding inlined properties to environment: {spring.jmx.enabled=false, org.springframework.boot.test.context.SpringBootTestContextBootstrapper=true, server.port=-1}
17:26:02.462 [Test worker] DEBUG org.springframework.core.env.StandardEnvironment - Adding PropertySource 'Inlined Test Properties' with highest search precedence

  .   ____          _            __ _ _
 /\\ / ___'_ __ _ _(_)_ __  __ _ \ \ \ \
( ( )\___ | '_ | '_| | '_ \/ _` | \ \ \ \
 \\/  ___)| |_)| | | | | || (_| |  ) ) ) )
  '  |____| .__|_| |_|_| |_\__, | / / / /
 =========|_|==============|___/=/_/_/_/
 :: Spring Boot ::       (v1.5.10.RELEASE)

2018-02-28 17:26:02.673  INFO 95420 --- [    Test worker] com.example.demo.DemoApplicationTests    : Starting DemoApplicationTests on liulundeMacBook-Pro.local with PID 95420 (started by liulun in /Users/liulun/Desktop/PatientDemo)
2018-02-28 17:26:02.674  INFO 95420 --- [    Test worker] com.example.demo.DemoApplicationTests    : No active profile set, falling back to default profiles: default
2018-02-28 17:26:02.702  INFO 95420 --- [    Test worker] o.s.w.c.s.GenericWebApplicationContext   : Refreshing org.springframework.web.context.support.GenericWebApplicationContext@5a16bd3c: startup date [Wed Feb 28 17:26:02 CST 2018]; root of context hierarchy
HRS-live
mongodb://hm:[C@37c11990@dds-bp1baff8ad4002a41.mongodb.rds.aliyuncs.com:3717/HRS-live
mongodb://hm:eql-LmnZ8xc9pxbg@dds-bp1baff8ad4002a41.mongodb.rds.aliyuncs.com:3717/HRS-live
2018-02-28 17:26:04.085  INFO 95420 --- [    Test worker] org.mongodb.driver.cluster               : Cluster created with settings {hosts=[dds-bp1baff8ad4002a41.mongodb.rds.aliyuncs.com:3717], mode=SINGLE, requiredClusterType=UNKNOWN, serverSelectionTimeout='30000 ms', maxWaitQueueSize=500}
SDS-live
mongodb://hm:[C@66d3c3de@dds-bp1baff8ad4002a41.mongodb.rds.aliyuncs.com:3717/SDS-live
mongodb://hm:eql-LmnZ8xc9pxbg@dds-bp1baff8ad4002a41.mongodb.rds.aliyuncs.com:3717/SDS-live
2018-02-28 17:26:04.230  INFO 95420 --- [    Test worker] org.mongodb.driver.cluster               : Cluster created with settings {hosts=[dds-bp1baff8ad4002a41.mongodb.rds.aliyuncs.com:3717], mode=SINGLE, requiredClusterType=UNKNOWN, serverSelectionTimeout='30000 ms', maxWaitQueueSize=500}
HDP-live
mongodb://hm:[C@11de33d1@dds-bp1baff8ad4002a41.mongodb.rds.aliyuncs.com:3717/HDP-live
mongodb://hm:eql-LmnZ8xc9pxbg@dds-bp1baff8ad4002a41.mongodb.rds.aliyuncs.com:3717/HDP-live
2018-02-28 17:26:04.235  INFO 95420 --- [    Test worker] org.mongodb.driver.cluster               : Cluster created with settings {hosts=[dds-bp1baff8ad4002a41.mongodb.rds.aliyuncs.com:3717], mode=SINGLE, requiredClusterType=UNKNOWN, serverSelectionTimeout='30000 ms', maxWaitQueueSize=500}
HDPB-live
mongodb://hm:[C@334eb531@dds-bp1baff8ad4002a41.mongodb.rds.aliyuncs.com:3717/HDPB-live
mongodb://hm:eql-LmnZ8xc9pxbg@dds-bp1baff8ad4002a41.mongodb.rds.aliyuncs.com:3717/HDPB-live
2018-02-28 17:26:04.238  INFO 95420 --- [    Test worker] org.mongodb.driver.cluster               : Cluster created with settings {hosts=[dds-bp1baff8ad4002a41.mongodb.rds.aliyuncs.com:3717], mode=SINGLE, requiredClusterType=UNKNOWN, serverSelectionTimeout='30000 ms', maxWaitQueueSize=500}
2018-02-28 17:26:04.616  INFO 95420 --- [    Test worker] s.w.s.m.m.a.RequestMappingHandlerMapping : Mapped "{[/processPatientData],methods=[GET]}" onto public boolean com.example.demo.controller.PatientProcessController.processPatientData()
2018-02-28 17:26:04.618  INFO 95420 --- [    Test worker] s.w.s.m.m.a.RequestMappingHandlerMapping : Mapped "{[/count],methods=[GET]}" onto public java.lang.Integer com.example.demo.controller.TestController.count()
2018-02-28 17:26:04.618  INFO 95420 --- [    Test worker] s.w.s.m.m.a.RequestMappingHandlerMapping : Mapped "{[/standardData],methods=[GET]}" onto public void com.example.demo.controller.TestController.standardData()
2018-02-28 17:26:04.622  INFO 95420 --- [    Test worker] s.w.s.m.m.a.RequestMappingHandlerMapping : Mapped "{[/swagger-resources/configuration/ui]}" onto public org.springframework.http.ResponseEntity<springfox.documentation.swagger.web.UiConfiguration> springfox.documentation.swagger.web.ApiResourceController.uiConfiguration()
2018-02-28 17:26:04.622  INFO 95420 --- [    Test worker] s.w.s.m.m.a.RequestMappingHandlerMapping : Mapped "{[/swagger-resources/configuration/security]}" onto public org.springframework.http.ResponseEntity<springfox.documentation.swagger.web.SecurityConfiguration> springfox.documentation.swagger.web.ApiResourceController.securityConfiguration()
2018-02-28 17:26:04.623  INFO 95420 --- [    Test worker] s.w.s.m.m.a.RequestMappingHandlerMapping : Mapped "{[/swagger-resources]}" onto public org.springframework.http.ResponseEntity<java.util.List<springfox.documentation.swagger.web.SwaggerResource>> springfox.documentation.swagger.web.ApiResourceController.swaggerResources()
2018-02-28 17:26:04.628  INFO 95420 --- [    Test worker] s.w.s.m.m.a.RequestMappingHandlerMapping : Mapped "{[/error]}" onto public org.springframework.http.ResponseEntity<java.util.Map<java.lang.String, java.lang.Object>> org.springframework.boot.autoconfigure.web.BasicErrorController.error(javax.servlet.http.HttpServletRequest)
2018-02-28 17:26:04.629  INFO 95420 --- [    Test worker] s.w.s.m.m.a.RequestMappingHandlerMapping : Mapped "{[/error],produces=[text/html]}" onto public org.springframework.web.servlet.ModelAndView org.springframework.boot.autoconfigure.web.BasicErrorController.errorHtml(javax.servlet.http.HttpServletRequest,javax.servlet.http.HttpServletResponse)
2018-02-28 17:26:04.754  INFO 95420 --- [    Test worker] pertySourcedRequestMappingHandlerMapping : Mapped URL path [/v2/api-docs] onto method [public org.springframework.http.ResponseEntity<springfox.documentation.spring.web.json.Json> springfox.documentation.swagger2.web.Swagger2Controller.getDocumentation(java.lang.String,javax.servlet.http.HttpServletRequest)]
2018-02-28 17:26:05.177  INFO 95420 --- [    Test worker] s.w.s.m.m.a.RequestMappingHandlerAdapter : Looking for @ControllerAdvice: org.springframework.web.context.support.GenericWebApplicationContext@5a16bd3c: startup date [Wed Feb 28 17:26:02 CST 2018]; root of context hierarchy
2018-02-28 17:26:05.229  INFO 95420 --- [    Test worker] o.s.w.s.handler.SimpleUrlHandlerMapping  : Mapped URL path [/swagger-ui.html] onto handler of type [class org.springframework.web.servlet.resource.ResourceHttpRequestHandler]
2018-02-28 17:26:05.229  INFO 95420 --- [    Test worker] o.s.w.s.handler.SimpleUrlHandlerMapping  : Mapped URL path [/webjars/**] onto handler of type [class org.springframework.web.servlet.resource.ResourceHttpRequestHandler]
2018-02-28 17:26:05.229  INFO 95420 --- [    Test worker] o.s.w.s.handler.SimpleUrlHandlerMapping  : Mapped URL path [/**] onto handler of type [class org.springframework.web.servlet.resource.ResourceHttpRequestHandler]
2018-02-28 17:26:05.261  INFO 95420 --- [    Test worker] o.s.w.s.handler.SimpleUrlHandlerMapping  : Mapped URL path [/**/favicon.ico] onto handler of type [class org.springframework.web.servlet.resource.ResourceHttpRequestHandler]
2018-02-28 17:26:05.312  INFO 95420 --- [    Test worker] org.mongodb.driver.cluster               : Cluster created with settings {hosts=[localhost:27017], mode=SINGLE, requiredClusterType=UNKNOWN, serverSelectionTimeout='30000 ms', maxWaitQueueSize=500}
2018-02-28 17:26:05.338  INFO 95420 --- [localhost:27017] org.mongodb.driver.connection            : Opened connection [connectionId{localValue:5, serverValue:932}] to localhost:27017
2018-02-28 17:26:05.339  INFO 95420 --- [localhost:27017] org.mongodb.driver.cluster               : Monitor thread successfully connected to server with description ServerDescription{address=localhost:27017, type=STANDALONE, state=CONNECTED, ok=true, version=ServerVersion{versionList=[3, 4, 10]}, minWireVersion=0, maxWireVersion=5, maxDocumentSize=16777216, roundTripTimeNanos=545326}
2018-02-28 17:26:05.458  INFO 95420 --- [    Test worker] o.s.c.support.DefaultLifecycleProcessor  : Starting beans in phase 2147483647
2018-02-28 17:26:05.458  INFO 95420 --- [    Test worker] d.s.w.p.DocumentationPluginsBootstrapper : Context refreshed
2018-02-28 17:26:05.479  INFO 95420 --- [    Test worker] d.s.w.p.DocumentationPluginsBootstrapper : Found 1 custom documentation plugin(s)
2018-02-28 17:26:05.512  INFO 95420 --- [    Test worker] s.d.s.w.s.ApiListingReferenceScanner     : Scanning for api listing references
2018-02-28 17:26:05.530  INFO 95420 --- [    Test worker] com.example.demo.DemoApplicationTests    : Started DemoApplicationTests in 3.051 seconds (JVM running for 3.854)
]]></system-out>
  <system-err><![CDATA[]]></system-err>
</testsuite>
